生成启动时间为 2019/5/4 10:37:22。
     1>项目“E:\C++code\C++primer questions\Chapter12\answer1\answer1\answer1.vcxproj”在节点 2 上(Build 个目标)。
     1>ClCompile:
         C:\vs2013\VC\bin\CL.exe /c /ZI /nologo /W3 /WX- /sdl /Od /Oy- /D _MBCS /Gm /EHsc /RTC1 /MDd /GS- /fp:precise /Zc:wchar_t /Zc:forScope /Fo"Debug\\" /Fd"Debug\vc120.pdb" /Gd /TP /analyze- /errorReport:prompt main.cpp "源.cpp"
     1>cl : 命令行 warning D9025: 正在重写“/sdl”(用“/GS-”)
         源.cpp
     1>e:\c++code\c++primer questions\chapter12\answer1\answer1\源.cpp(16): warning C4996: 'strncpy': This function or variable may be unsafe. Consider using strncpy_s instead. To disable deprecation, use _CRT_SECURE_NO_WARNINGS. See online help for details.
                 c:\vs2013\vc\include\string.h(195) : 参见“strncpy”的声明
     1>e:\c++code\c++primer questions\chapter12\answer1\answer1\源.cpp(19): warning C4996: 'strncpy': This function or variable may be unsafe. Consider using strncpy_s instead. To disable deprecation, use _CRT_SECURE_NO_WARNINGS. See online help for details.
                 c:\vs2013\vc\include\string.h(195) : 参见“strncpy”的声明
     1>e:\c++code\c++primer questions\chapter12\answer1\answer1\源.cpp(33): warning C4996: 'strncpy': This function or variable may be unsafe. Consider using strncpy_s instead. To disable deprecation, use _CRT_SECURE_NO_WARNINGS. See online help for details.
                 c:\vs2013\vc\include\string.h(195) : 参见“strncpy”的声明
     1>e:\c++code\c++primer questions\chapter12\answer1\answer1\源.cpp(36): warning C4996: 'strncpy': This function or variable may be unsafe. Consider using strncpy_s instead. To disable deprecation, use _CRT_SECURE_NO_WARNINGS. See online help for details.
                 c:\vs2013\vc\include\string.h(195) : 参见“strncpy”的声明
     1>e:\c++code\c++primer questions\chapter12\answer1\answer1\源.cpp(42): warning C4996: 'strncpy': This function or variable may be unsafe. Consider using strncpy_s instead. To disable deprecation, use _CRT_SECURE_NO_WARNINGS. See online help for details.
                 c:\vs2013\vc\include\string.h(195) : 参见“strncpy”的声明
     1>e:\c++code\c++primer questions\chapter12\answer1\answer1\源.cpp(45): warning C4996: 'strncpy': This function or variable may be unsafe. Consider using strncpy_s instead. To disable deprecation, use _CRT_SECURE_NO_WARNINGS. See online help for details.
                 c:\vs2013\vc\include\string.h(195) : 参见“strncpy”的声明
         main.cpp
         正在生成代码...
       Link:
         C:\vs2013\VC\bin\link.exe /ERRORREPORT:PROMPT /OUT:"E:\C++code\C++primer questions\Chapter12\answer1\Debug\answer1.exe" /INCREMENTAL /NOLOGO /MANIFEST /MANIFESTUAC:"level='asInvoker' uiAccess='false'" /manifest:embed /DEBUG /PDB:"E:\C++code\C++primer questions\Chapter12\answer1\Debug\answer1.pdb" /TLBID:1 /DYNAMICBASE /NXCOMPAT /IMPLIB:"E:\C++code\C++primer questions\Chapter12\answer1\Debug\answer1.lib" /MACHINE:X86 Debug\main.obj
         "Debug\源.obj"
     1>LINK : fatal error LNK1561: 必须定义入口点
     1>已完成生成项目“E:\C++code\C++primer questions\Chapter12\answer1\answer1\answer1.vcxproj”(Build 个目标)的操作 - 失败。

生成失败。

已用时间 00:00:01.84
